[2022-06-21T13:51:48.952408+00:00] log.INFO: user send message {"user":"guest","send":"123???"} []
[2022-06-21T13:51:58.110790+00:00] log.INFO: user send message {"user":"admin","send":"aaaaaaaaaaaaaaaaaaaaaaaaaaaaaaaaa"} []
[2022-06-21T13:52:41.103038+00:00] log.INFO: user send message {"user":"admin","send":"Hello"} []
[2022-06-22T00:25:20.518830+00:00] log.INFO: user send message {"user":"guest","send":"454554"} []
[2022-06-22T00:25:55.146152+00:00] log.ERROR: wrong password [] []
[2022-06-22T12:41:59.245162+00:00] log.INFO: user send message {"user":"admin","send":"абв"} []
[2022-06-22T12:42:50.589969+00:00] log.INFO: user send message {"user":"admin","send":"абвг"} []
[2022-06-22T12:43:30.855176+00:00] log.INFO: user send message {"user":"admin","send":"абвгде"} []
[2022-06-22T12:44:32.231781+00:00] log.INFO: user send message {"user":"admin","send":"123"} []
[2022-06-22T12:45:08.346349+00:00] log.INFO: user send message {"user":"admin","send":"123"} []
[2022-06-22T12:45:09.028793+00:00] log.INFO: user send message {"user":"admin","send":"123"} []
[2022-06-22T12:45:09.908016+00:00] log.INFO: user send message {"user":"admin","send":"123"} []
[2022-06-22T12:45:13.428839+00:00] log.INFO: user send message {"user":"admin","send":"111"} []
[2022-06-22T12:49:10.162072+00:00] log.INFO: user send message {"user":"admin","send":"12"} []
[2022-06-22T12:49:57.581555+00:00] log.INFO: user send message {"user":"guest","send":"ffffffffffffffffffff"} []
[2022-06-22T12:52:17.386323+00:00] log.INFO: user send message {"user":"admin","send":"qwertyuiop"} []
[2022-06-22T13:39:04.946812+00:00] log.INFO: user send message {"user":"admin","send":"9999999999"} []
[2022-06-22T13:41:40.481793+00:00] log.INFO: user send message {"user":"guest","send":"еще работает72"} []
[2022-06-22T13:44:26.748480+00:00] log.INFO: user send message {"user":"guest","send":"еще раб?3"} []
[2022-06-22T13:46:52.889795+00:00] log.INFO: user send message {"user":"admin","send":"4?"} []
[2022-06-22T13:48:51.818975+00:00] log.INFO: user send message {"user":"admin","send":"4?"} []
[2022-06-22T13:48:58.668151+00:00] log.INFO: user send message {"user":"admin","send":"a"} []
[2022-06-22T14:46:56.252493+00:00] log.INFO: user send message {"user":"admin","send":"ENNG"} []
[2022-06-22T15:00:14.297120+00:00] log.INFO: user send message {"user":"admin","send":"na"} []
[2022-06-22T16:45:10.114151+00:00] log.INFO: user send message {"user":"admin","send":"          fff          "} []
[2022-06-22T16:46:28.743970+00:00] log.INFO: user send message {"user":"admin","send":"      0 0 0 0      "} []
[2022-06-22T16:47:35.842412+00:00] log.INFO: user send message {"user":"admin","send":"1 9  2 3 9 5"} []
[2022-06-22T16:54:01.624296+00:00] log.INFO: user send message {"user":"admin","send":"1 9  2 3 9 5"} []
[2022-06-22T16:54:06.738598+00:00] log.INFO: user send message {"user":"admin","send":"111"} []
[2022-06-22T16:54:17.120439+00:00] log.INFO: user send message {"user":"admin","send":"pplpl"} []
